<?xml version='1.0'?>
<ns2:test-suite xmlns:ns2='urn:model.allure.qatools.yandex.ru' start='1559010769419' stop='1559010781962'>
    <name>Validation the Calculator App</name>
    <title>Validation the Calculator App</title>
    <test-cases>
        <test-case start='1559010769419' status='failed' stop='1559010777340'>
            <name>validate 1 + 1 = 2</name>
            <title>validate 1 + 1 = 2</title>
            <labels/>
            <parameters/>
            <steps/>
            <attachments>
                <attachment title='Screenshot' source='caa79d33-9a98-4fa6-8161-0f67c3070f33-attachment.png' type='image/png' size='18287'/>
            </attachments>
            <failure>
                <message>Failed: Cannot read property 'info' of undefined</message>
                <stack-trace>TypeError: Cannot read property 'info' of undefined
                    at UserContext.&lt;anonymous> (D:\Practice-protractor\CalculatorTest.js:8:24)
                    at C:\Users\ddminh\AppData\Roaming\npm\node_modules\protractor\node_modules\jasminewd2\index.js:112:25
                    at new ManagedPromise (C:\Users\ddminh\AppData\Roaming\npm\node_modules\protractor\node_modules\selenium-webdriver\lib\promise.js:1077:7)
                    at ControlFlow.promise (C:\Users\ddminh\AppData\Roaming\npm\node_modules\protractor\node_modules\selenium-webdriver\lib\promise.js:2505:12)
                    at schedulerExecute (C:\Users\ddminh\AppData\Roaming\npm\node_modules\protractor\node_modules\jasminewd2\index.js:95:18)
                    at TaskQueue.execute_ (C:\Users\ddminh\AppData\Roaming\npm\node_modules\protractor\node_modules\selenium-webdriver\lib\promise.js:3084:14)
                    at TaskQueue.executeNext_ (C:\Users\ddminh\AppData\Roaming\npm\node_modules\protractor\node_modules\selenium-webdriver\lib\promise.js:3067:27)
                    at asyncRun (C:\Users\ddminh\AppData\Roaming\npm\node_modules\protractor\node_modules\selenium-webdriver\lib\promise.js:2927:27)
                    at C:\Users\ddminh\AppData\Roaming\npm\node_modules\protractor\node_modules\selenium-webdriver\lib\promise.js:668:7
                    at &lt;anonymous>
                From: Task: Run beforeEach in control flow
                    at UserContext.&lt;anonymous> (C:\Users\ddminh\AppData\Roaming\npm\node_modules\protractor\node_modules\jasminewd2\index.js:94:19)
                    at attempt (C:\Users\ddminh\AppData\Roaming\npm\node_modules\protractor\node_modules\jasmine-core\lib\jasmine-core\jasmine.js:4297:26)
                    at QueueRunner.run (C:\Users\ddminh\AppData\Roaming\npm\node_modules\protractor\node_modules\jasmine-core\lib\jasmine-core\jasmine.js:4217:20)
                    at QueueRunner.execute (C:\Users\ddminh\AppData\Roaming\npm\node_modules\protractor\node_modules\jasmine-core\lib\jasmine-core\jasmine.js:4199:10)
                    at Spec.queueRunnerFactory (C:\Users\ddminh\AppData\Roaming\npm\node_modules\protractor\node_modules\jasmine-core\lib\jasmine-core\jasmine.js:909:35)
                    at Spec.execute (C:\Users\ddminh\AppData\Roaming\npm\node_modules\protractor\node_modules\jasmine-core\lib\jasmine-core\jasmine.js:526:10)
                    at UserContext.fn (C:\Users\ddminh\AppData\Roaming\npm\node_modules\protractor\node_modules\jasmine-core\lib\jasmine-core\jasmine.js:5340:37)
                    at attempt (C:\Users\ddminh\AppData\Roaming\npm\node_modules\protractor\node_modules\jasmine-core\lib\jasmine-core\jasmine.js:4297:26)
                    at QueueRunner.run (C:\Users\ddminh\AppData\Roaming\npm\node_modules\protractor\node_modules\jasmine-core\lib\jasmine-core\jasmine.js:4217:20)
                    at QueueRunner.execute (C:\Users\ddminh\AppData\Roaming\npm\node_modules\protractor\node_modules\jasmine-core\lib\jasmine-core\jasmine.js:4199:10)
                From asynchronous test: 
                Error
                    at Suite.&lt;anonymous> (D:\Practice-protractor\CalculatorTest.js:6:5)
                    at addSpecsToSuite (C:\Users\ddminh\AppData\Roaming\npm\node_modules\protractor\node_modules\jasmine-core\lib\jasmine-core\jasmine.js:1107:25)
                    at Env.describe (C:\Users\ddminh\AppData\Roaming\npm\node_modules\protractor\node_modules\jasmine-core\lib\jasmine-core\jasmine.js:1074:7)
                    at describe (C:\Users\ddminh\AppData\Roaming\npm\node_modules\protractor\node_modules\jasmine-core\lib\jasmine-core\jasmine.js:4399:18)
                    at Object.&lt;anonymous> (D:\Practice-protractor\CalculatorTest.js:1:63)
                    at Module._compile (module.js:652:30)
                    at Object.Module._extensions..js (module.js:663:10)
                    at Module.load (module.js:565:32)
                    at tryModuleLoad (module.js:505:12)</stack-trace>
            </failure>
        </test-case>
        <test-case start='1559010777340' status='failed' stop='1559010779671'>
            <name>validate 2 + 2 = 4</name>
            <title>validate 2 + 2 = 4</title>
            <labels/>
            <parameters/>
            <steps/>
            <attachments>
                <attachment title='Screenshot' source='93376c0c-3254-490b-85f5-11e2922fbf32-attachment.png' type='image/png' size='19331'/>
            </attachments>
            <failure>
                <message>Failed: Cannot read property 'info' of undefined</message>
                <stack-trace>TypeError: Cannot read property 'info' of undefined
                    at UserContext.&lt;anonymous> (D:\Practice-protractor\CalculatorTest.js:8:24)
                    at C:\Users\ddminh\AppData\Roaming\npm\node_modules\protractor\node_modules\jasminewd2\index.js:112:25
                    at new ManagedPromise (C:\Users\ddminh\AppData\Roaming\npm\node_modules\protractor\node_modules\selenium-webdriver\lib\promise.js:1077:7)
                    at ControlFlow.promise (C:\Users\ddminh\AppData\Roaming\npm\node_modules\protractor\node_modules\selenium-webdriver\lib\promise.js:2505:12)
                    at schedulerExecute (C:\Users\ddminh\AppData\Roaming\npm\node_modules\protractor\node_modules\jasminewd2\index.js:95:18)
                    at TaskQueue.execute_ (C:\Users\ddminh\AppData\Roaming\npm\node_modules\protractor\node_modules\selenium-webdriver\lib\promise.js:3084:14)
                    at TaskQueue.executeNext_ (C:\Users\ddminh\AppData\Roaming\npm\node_modules\protractor\node_modules\selenium-webdriver\lib\promise.js:3067:27)
                    at asyncRun (C:\Users\ddminh\AppData\Roaming\npm\node_modules\protractor\node_modules\selenium-webdriver\lib\promise.js:2974:25)
                    at C:\Users\ddminh\AppData\Roaming\npm\node_modules\protractor\node_modules\selenium-webdriver\lib\promise.js:668:7
                    at &lt;anonymous>
                From: Task: Run beforeEach in control flow
                    at UserContext.&lt;anonymous> (C:\Users\ddminh\AppData\Roaming\npm\node_modules\protractor\node_modules\jasminewd2\index.js:94:19)
                    at attempt (C:\Users\ddminh\AppData\Roaming\npm\node_modules\protractor\node_modules\jasmine-core\lib\jasmine-core\jasmine.js:4297:26)
                    at QueueRunner.run (C:\Users\ddminh\AppData\Roaming\npm\node_modules\protractor\node_modules\jasmine-core\lib\jasmine-core\jasmine.js:4217:20)
                    at QueueRunner.execute (C:\Users\ddminh\AppData\Roaming\npm\node_modules\protractor\node_modules\jasmine-core\lib\jasmine-core\jasmine.js:4199:10)
                    at Spec.queueRunnerFactory (C:\Users\ddminh\AppData\Roaming\npm\node_modules\protractor\node_modules\jasmine-core\lib\jasmine-core\jasmine.js:909:35)
                    at Spec.execute (C:\Users\ddminh\AppData\Roaming\npm\node_modules\protractor\node_modules\jasmine-core\lib\jasmine-core\jasmine.js:526:10)
                    at UserContext.fn (C:\Users\ddminh\AppData\Roaming\npm\node_modules\protractor\node_modules\jasmine-core\lib\jasmine-core\jasmine.js:5340:37)
                    at attempt (C:\Users\ddminh\AppData\Roaming\npm\node_modules\protractor\node_modules\jasmine-core\lib\jasmine-core\jasmine.js:4297:26)
                    at QueueRunner.run (C:\Users\ddminh\AppData\Roaming\npm\node_modules\protractor\node_modules\jasmine-core\lib\jasmine-core\jasmine.js:4217:20)
                    at runNext (C:\Users\ddminh\AppData\Roaming\npm\node_modules\protractor\node_modules\jasmine-core\lib\jasmine-core\jasmine.js:4257:20)
                From asynchronous test: 
                Error
                    at Suite.&lt;anonymous> (D:\Practice-protractor\CalculatorTest.js:6:5)
                    at addSpecsToSuite (C:\Users\ddminh\AppData\Roaming\npm\node_modules\protractor\node_modules\jasmine-core\lib\jasmine-core\jasmine.js:1107:25)
                    at Env.describe (C:\Users\ddminh\AppData\Roaming\npm\node_modules\protractor\node_modules\jasmine-core\lib\jasmine-core\jasmine.js:1074:7)
                    at describe (C:\Users\ddminh\AppData\Roaming\npm\node_modules\protractor\node_modules\jasmine-core\lib\jasmine-core\jasmine.js:4399:18)
                    at Object.&lt;anonymous> (D:\Practice-protractor\CalculatorTest.js:1:63)
                    at Module._compile (module.js:652:30)
                    at Object.Module._extensions..js (module.js:663:10)
                    at Module.load (module.js:565:32)
                    at tryModuleLoad (module.js:505:12)</stack-trace>
            </failure>
        </test-case>
        <test-case start='1559010779671' status='failed' stop='1559010781962'>
            <name>validate 3 + 3 = 6</name>
            <title>validate 3 + 3 = 6</title>
            <labels/>
            <parameters/>
            <steps/>
            <attachments>
                <attachment title='Screenshot' source='a312ff18-4995-4b81-809f-e26f34c327d6-attachment.png' type='image/png' size='20990'/>
            </attachments>
            <failure>
                <message>Failed: Cannot read property 'info' of undefined</message>
                <stack-trace>TypeError: Cannot read property 'info' of undefined
                    at UserContext.&lt;anonymous> (D:\Practice-protractor\CalculatorTest.js:8:24)
                    at C:\Users\ddminh\AppData\Roaming\npm\node_modules\protractor\node_modules\jasminewd2\index.js:112:25
                    at new ManagedPromise (C:\Users\ddminh\AppData\Roaming\npm\node_modules\protractor\node_modules\selenium-webdriver\lib\promise.js:1077:7)
                    at ControlFlow.promise (C:\Users\ddminh\AppData\Roaming\npm\node_modules\protractor\node_modules\selenium-webdriver\lib\promise.js:2505:12)
                    at schedulerExecute (C:\Users\ddminh\AppData\Roaming\npm\node_modules\protractor\node_modules\jasminewd2\index.js:95:18)
                    at TaskQueue.execute_ (C:\Users\ddminh\AppData\Roaming\npm\node_modules\protractor\node_modules\selenium-webdriver\lib\promise.js:3084:14)
                    at TaskQueue.executeNext_ (C:\Users\ddminh\AppData\Roaming\npm\node_modules\protractor\node_modules\selenium-webdriver\lib\promise.js:3067:27)
                    at asyncRun (C:\Users\ddminh\AppData\Roaming\npm\node_modules\protractor\node_modules\selenium-webdriver\lib\promise.js:2974:25)
                    at C:\Users\ddminh\AppData\Roaming\npm\node_modules\protractor\node_modules\selenium-webdriver\lib\promise.js:668:7
                    at &lt;anonymous>
                From: Task: Run beforeEach in control flow
                    at UserContext.&lt;anonymous> (C:\Users\ddminh\AppData\Roaming\npm\node_modules\protractor\node_modules\jasminewd2\index.js:94:19)
                    at attempt (C:\Users\ddminh\AppData\Roaming\npm\node_modules\protractor\node_modules\jasmine-core\lib\jasmine-core\jasmine.js:4297:26)
                    at QueueRunner.run (C:\Users\ddminh\AppData\Roaming\npm\node_modules\protractor\node_modules\jasmine-core\lib\jasmine-core\jasmine.js:4217:20)
                    at QueueRunner.execute (C:\Users\ddminh\AppData\Roaming\npm\node_modules\protractor\node_modules\jasmine-core\lib\jasmine-core\jasmine.js:4199:10)
                    at Spec.queueRunnerFactory (C:\Users\ddminh\AppData\Roaming\npm\node_modules\protractor\node_modules\jasmine-core\lib\jasmine-core\jasmine.js:909:35)
                    at Spec.execute (C:\Users\ddminh\AppData\Roaming\npm\node_modules\protractor\node_modules\jasmine-core\lib\jasmine-core\jasmine.js:526:10)
                    at UserContext.fn (C:\Users\ddminh\AppData\Roaming\npm\node_modules\protractor\node_modules\jasmine-core\lib\jasmine-core\jasmine.js:5340:37)
                    at attempt (C:\Users\ddminh\AppData\Roaming\npm\node_modules\protractor\node_modules\jasmine-core\lib\jasmine-core\jasmine.js:4297:26)
                    at QueueRunner.run (C:\Users\ddminh\AppData\Roaming\npm\node_modules\protractor\node_modules\jasmine-core\lib\jasmine-core\jasmine.js:4217:20)
                    at runNext (C:\Users\ddminh\AppData\Roaming\npm\node_modules\protractor\node_modules\jasmine-core\lib\jasmine-core\jasmine.js:4257:20)
                From asynchronous test: 
                Error
                    at Suite.&lt;anonymous> (D:\Practice-protractor\CalculatorTest.js:6:5)
                    at addSpecsToSuite (C:\Users\ddminh\AppData\Roaming\npm\node_modules\protractor\node_modules\jasmine-core\lib\jasmine-core\jasmine.js:1107:25)
                    at Env.describe (C:\Users\ddminh\AppData\Roaming\npm\node_modules\protractor\node_modules\jasmine-core\lib\jasmine-core\jasmine.js:1074:7)
                    at describe (C:\Users\ddminh\AppData\Roaming\npm\node_modules\protractor\node_modules\jasmine-core\lib\jasmine-core\jasmine.js:4399:18)
                    at Object.&lt;anonymous> (D:\Practice-protractor\CalculatorTest.js:1:63)
                    at Module._compile (module.js:652:30)
                    at Object.Module._extensions..js (module.js:663:10)
                    at Module.load (module.js:565:32)
                    at tryModuleLoad (module.js:505:12)</stack-trace>
            </failure>
        </test-case>
    </test-cases>
</ns2:test-suite>