<?xml version='1.0'?>
<ns2:test-suite xmlns:ns2='urn:model.allure.qatools.yandex.ru' start='1559014305621' stop='1559014326844'>
    <name>Validation the Calculator App</name>
    <title>Validation the Calculator App</title>
    <test-cases>
        <test-case start='1559014305621' status='failed' stop='1559014316202'>
            <name>Step 1 validate 1 + 1 = 2</name>
            <title>Step 1 validate 1 + 1 = 2</title>
            <labels/>
            <parameters/>
            <steps/>
            <attachments>
                <attachment title='Screenshot' source='942e26eb-09b1-42d8-b4e6-79800fdbd779-attachment.png' type='image/png' size='18251'/>
            </attachments>
            <failure>
                <message>Failed: logger is not defined</message>
                <stack-trace>ReferenceError: logger is not defined
                    at UserContext.&lt;anonymous> (D:\Practice-protractor\CalculatorTest.js:8:9)
                    at C:\Users\ddminh\AppData\Roaming\npm\node_modules\protractor\node_modules\jasminewd2\index.js:112:25
                    at new ManagedPromise (C:\Users\ddminh\AppData\Roaming\npm\node_modules\protractor\node_modules\selenium-webdriver\lib\promise.js:1077:7)
                    at ControlFlow.promise (C:\Users\ddminh\AppData\Roaming\npm\node_modules\protractor\node_modules\selenium-webdriver\lib\promise.js:2505:12)
                    at schedulerExecute (C:\Users\ddminh\AppData\Roaming\npm\node_modules\protractor\node_modules\jasminewd2\index.js:95:18)
                    at TaskQueue.execute_ (C:\Users\ddminh\AppData\Roaming\npm\node_modules\protractor\node_modules\selenium-webdriver\lib\promise.js:3084:14)
                    at TaskQueue.executeNext_ (C:\Users\ddminh\AppData\Roaming\npm\node_modules\protractor\node_modules\selenium-webdriver\lib\promise.js:3067:27)
                    at asyncRun (C:\Users\ddminh\AppData\Roaming\npm\node_modules\protractor\node_modules\selenium-webdriver\lib\promise.js:2927:27)
                    at C:\Users\ddminh\AppData\Roaming\npm\node_modules\protractor\node_modules\selenium-webdriver\lib\promise.js:668:7
                    at &lt;anonymous>
                    at process._tickCallback (internal/process/next_tick.js:188:7)
                From: Task: Run beforeEach in control flow
                    at UserContext.&lt;anonymous> (C:\Users\ddminh\AppData\Roaming\npm\node_modules\protractor\node_modules\jasminewd2\index.js:94:19)
                    at attempt (C:\Users\ddminh\AppData\Roaming\npm\node_modules\protractor\node_modules\jasmine-core\lib\jasmine-core\jasmine.js:4297:26)
                    at QueueRunner.run (C:\Users\ddminh\AppData\Roaming\npm\node_modules\protractor\node_modules\jasmine-core\lib\jasmine-core\jasmine.js:4217:20)
                    at QueueRunner.execute (C:\Users\ddminh\AppData\Roaming\npm\node_modules\protractor\node_modules\jasmine-core\lib\jasmine-core\jasmine.js:4199:10)
                    at Spec.queueRunnerFactory (C:\Users\ddminh\AppData\Roaming\npm\node_modules\protractor\node_modules\jasmine-core\lib\jasmine-core\jasmine.js:909:35)
                    at Spec.execute (C:\Users\ddminh\AppData\Roaming\npm\node_modules\protractor\node_modules\jasmine-core\lib\jasmine-core\jasmine.js:526:10)
                    at UserContext.fn (C:\Users\ddminh\AppData\Roaming\npm\node_modules\protractor\node_modules\jasmine-core\lib\jasmine-core\jasmine.js:5340:37)
                    at attempt (C:\Users\ddminh\AppData\Roaming\npm\node_modules\protractor\node_modules\jasmine-core\lib\jasmine-core\jasmine.js:4297:26)
                    at QueueRunner.run (C:\Users\ddminh\AppData\Roaming\npm\node_modules\protractor\node_modules\jasmine-core\lib\jasmine-core\jasmine.js:4217:20)
                    at QueueRunner.execute (C:\Users\ddminh\AppData\Roaming\npm\node_modules\protractor\node_modules\jasmine-core\lib\jasmine-core\jasmine.js:4199:10)
                    at queueRunnerFactory (C:\Users\ddminh\AppData\Roaming\npm\node_modules\protractor\node_modules\jasmine-core\lib\jasmine-core\jasmine.js:909:35)
                    at UserContext.fn (C:\Users\ddminh\AppData\Roaming\npm\node_modules\protractor\node_modules\jasmine-core\lib\jasmine-core\jasmine.js:5325:13)
                    at attempt (C:\Users\ddminh\AppData\Roaming\npm\node_modules\protractor\node_modules\jasmine-core\lib\jasmine-core\jasmine.js:4297:26)
                    at QueueRunner.run (C:\Users\ddminh\AppData\Roaming\npm\node_modules\protractor\node_modules\jasmine-core\lib\jasmine-core\jasmine.js:4217:20)
                    at QueueRunner.execute (C:\Users\ddminh\AppData\Roaming\npm\node_modules\protractor\node_modules\jasmine-core\lib\jasmine-core\jasmine.js:4199:10)
                    at queueRunnerFactory (C:\Users\ddminh\AppData\Roaming\npm\node_modules\protractor\node_modules\jasmine-core\lib\jasmine-core\jasmine.js:909:35)
                From asynchronous test: 
                Error
                    at Suite.&lt;anonymous> (D:\Practice-protractor\CalculatorTest.js:6:5)
                    at addSpecsToSuite (C:\Users\ddminh\AppData\Roaming\npm\node_modules\protractor\node_modules\jasmine-core\lib\jasmine-core\jasmine.js:1107:25)
                    at Env.describe (C:\Users\ddminh\AppData\Roaming\npm\node_modules\protractor\node_modules\jasmine-core\lib\jasmine-core\jasmine.js:1074:7)
                    at describe (C:\Users\ddminh\AppData\Roaming\npm\node_modules\protractor\node_modules\jasmine-core\lib\jasmine-core\jasmine.js:4399:18)
                    at Object.&lt;anonymous> (D:\Practice-protractor\CalculatorTest.js:1:63)
                    at Module._compile (module.js:652:30)
                    at Object.Module._extensions..js (module.js:663:10)
                    at Module.load (module.js:565:32)
                    at tryModuleLoad (module.js:505:12)
                    at Function.Module._load (module.js:497:3)
                    at Module.require (module.js:596:17)
                    at require (internal/module.js:11:18)
                    at C:\Users\ddminh\AppData\Roaming\npm\node_modules\protractor\node_modules\jasmine\lib\jasmine.js:93:5
                    at Array.forEach (&lt;anonymous>)
                    at Jasmine.loadSpecs (C:\Users\ddminh\AppData\Roaming\npm\node_modules\protractor\node_modules\jasmine\lib\jasmine.js:92:18)</stack-trace>
            </failure>
        </test-case>
        <test-case start='1559014316202' status='failed' stop='1559014321528'>
            <name>validate 2 + 2 = 4</name>
            <title>validate 2 + 2 = 4</title>
            <labels/>
            <parameters/>
            <steps/>
            <attachments>
                <attachment title='Screenshot' source='5cf46eeb-3d8b-4bca-b320-619f89489a66-attachment.png' type='image/png' size='19376'/>
            </attachments>
            <failure>
                <message>Failed: logger is not defined</message>
                <stack-trace>ReferenceError: logger is not defined
                    at UserContext.&lt;anonymous> (D:\Practice-protractor\CalculatorTest.js:8:9)
                    at C:\Users\ddminh\AppData\Roaming\npm\node_modules\protractor\node_modules\jasminewd2\index.js:112:25
                    at new ManagedPromise (C:\Users\ddminh\AppData\Roaming\npm\node_modules\protractor\node_modules\selenium-webdriver\lib\promise.js:1077:7)
                    at ControlFlow.promise (C:\Users\ddminh\AppData\Roaming\npm\node_modules\protractor\node_modules\selenium-webdriver\lib\promise.js:2505:12)
                    at schedulerExecute (C:\Users\ddminh\AppData\Roaming\npm\node_modules\protractor\node_modules\jasminewd2\index.js:95:18)
                    at TaskQueue.execute_ (C:\Users\ddminh\AppData\Roaming\npm\node_modules\protractor\node_modules\selenium-webdriver\lib\promise.js:3084:14)
                    at TaskQueue.executeNext_ (C:\Users\ddminh\AppData\Roaming\npm\node_modules\protractor\node_modules\selenium-webdriver\lib\promise.js:3067:27)
                    at asyncRun (C:\Users\ddminh\AppData\Roaming\npm\node_modules\protractor\node_modules\selenium-webdriver\lib\promise.js:2974:25)
                    at C:\Users\ddminh\AppData\Roaming\npm\node_modules\protractor\node_modules\selenium-webdriver\lib\promise.js:668:7
                    at &lt;anonymous>
                    at process._tickCallback (internal/process/next_tick.js:188:7)
                From: Task: Run beforeEach in control flow
                    at UserContext.&lt;anonymous> (C:\Users\ddminh\AppData\Roaming\npm\node_modules\protractor\node_modules\jasminewd2\index.js:94:19)
                    at attempt (C:\Users\ddminh\AppData\Roaming\npm\node_modules\protractor\node_modules\jasmine-core\lib\jasmine-core\jasmine.js:4297:26)
                    at QueueRunner.run (C:\Users\ddminh\AppData\Roaming\npm\node_modules\protractor\node_modules\jasmine-core\lib\jasmine-core\jasmine.js:4217:20)
                    at QueueRunner.execute (C:\Users\ddminh\AppData\Roaming\npm\node_modules\protractor\node_modules\jasmine-core\lib\jasmine-core\jasmine.js:4199:10)
                    at Spec.queueRunnerFactory (C:\Users\ddminh\AppData\Roaming\npm\node_modules\protractor\node_modules\jasmine-core\lib\jasmine-core\jasmine.js:909:35)
                    at Spec.execute (C:\Users\ddminh\AppData\Roaming\npm\node_modules\protractor\node_modules\jasmine-core\lib\jasmine-core\jasmine.js:526:10)
                    at UserContext.fn (C:\Users\ddminh\AppData\Roaming\npm\node_modules\protractor\node_modules\jasmine-core\lib\jasmine-core\jasmine.js:5340:37)
                    at attempt (C:\Users\ddminh\AppData\Roaming\npm\node_modules\protractor\node_modules\jasmine-core\lib\jasmine-core\jasmine.js:4297:26)
                    at QueueRunner.run (C:\Users\ddminh\AppData\Roaming\npm\node_modules\protractor\node_modules\jasmine-core\lib\jasmine-core\jasmine.js:4217:20)
                    at runNext (C:\Users\ddminh\AppData\Roaming\npm\node_modules\protractor\node_modules\jasmine-core\lib\jasmine-core\jasmine.js:4257:20)
                    at C:\Users\ddminh\AppData\Roaming\npm\node_modules\protractor\node_modules\jasmine-core\lib\jasmine-core\jasmine.js:4264:13
                    at C:\Users\ddminh\AppData\Roaming\npm\node_modules\protractor\node_modules\jasmine-core\lib\jasmine-core\jasmine.js:4172:9
                    at QueueRunner.complete [as onComplete] (C:\Users\ddminh\AppData\Roaming\npm\node_modules\protractor\node_modules\jasmine-core\lib\jasmine-core\jasmine.js:533:9)
                    at Immediate._onImmediate (C:\Users\ddminh\AppData\Roaming\npm\node_modules\protractor\node_modules\jasmine-core\lib\jasmine-core\jasmine.js:4231:12)
                    at runCallback (timers.js:810:20)
                    at tryOnImmediate (timers.js:768:5)
                From asynchronous test: 
                Error
                    at Suite.&lt;anonymous> (D:\Practice-protractor\CalculatorTest.js:6:5)
                    at addSpecsToSuite (C:\Users\ddminh\AppData\Roaming\npm\node_modules\protractor\node_modules\jasmine-core\lib\jasmine-core\jasmine.js:1107:25)
                    at Env.describe (C:\Users\ddminh\AppData\Roaming\npm\node_modules\protractor\node_modules\jasmine-core\lib\jasmine-core\jasmine.js:1074:7)
                    at describe (C:\Users\ddminh\AppData\Roaming\npm\node_modules\protractor\node_modules\jasmine-core\lib\jasmine-core\jasmine.js:4399:18)
                    at Object.&lt;anonymous> (D:\Practice-protractor\CalculatorTest.js:1:63)
                    at Module._compile (module.js:652:30)
                    at Object.Module._extensions..js (module.js:663:10)
                    at Module.load (module.js:565:32)
                    at tryModuleLoad (module.js:505:12)
                    at Function.Module._load (module.js:497:3)
                    at Module.require (module.js:596:17)
                    at require (internal/module.js:11:18)
                    at C:\Users\ddminh\AppData\Roaming\npm\node_modules\protractor\node_modules\jasmine\lib\jasmine.js:93:5
                    at Array.forEach (&lt;anonymous>)
                    at Jasmine.loadSpecs (C:\Users\ddminh\AppData\Roaming\npm\node_modules\protractor\node_modules\jasmine\lib\jasmine.js:92:18)</stack-trace>
            </failure>
        </test-case>
        <test-case start='1559014321528' status='failed' stop='1559014326844'>
            <name>validate 3 + 3 = 6</name>
            <title>validate 3 + 3 = 6</title>
            <labels/>
            <parameters/>
            <steps/>
            <attachments>
                <attachment title='Screenshot' source='dbba6cda-5772-44d6-a4f6-91904555de41-attachment.png' type='image/png' size='21114'/>
            </attachments>
            <failure>
                <message>Failed: logger is not defined</message>
                <stack-trace>ReferenceError: logger is not defined
                    at UserContext.&lt;anonymous> (D:\Practice-protractor\CalculatorTest.js:8:9)
                    at C:\Users\ddminh\AppData\Roaming\npm\node_modules\protractor\node_modules\jasminewd2\index.js:112:25
                    at new ManagedPromise (C:\Users\ddminh\AppData\Roaming\npm\node_modules\protractor\node_modules\selenium-webdriver\lib\promise.js:1077:7)
                    at ControlFlow.promise (C:\Users\ddminh\AppData\Roaming\npm\node_modules\protractor\node_modules\selenium-webdriver\lib\promise.js:2505:12)
                    at schedulerExecute (C:\Users\ddminh\AppData\Roaming\npm\node_modules\protractor\node_modules\jasminewd2\index.js:95:18)
                    at TaskQueue.execute_ (C:\Users\ddminh\AppData\Roaming\npm\node_modules\protractor\node_modules\selenium-webdriver\lib\promise.js:3084:14)
                    at TaskQueue.executeNext_ (C:\Users\ddminh\AppData\Roaming\npm\node_modules\protractor\node_modules\selenium-webdriver\lib\promise.js:3067:27)
                    at asyncRun (C:\Users\ddminh\AppData\Roaming\npm\node_modules\protractor\node_modules\selenium-webdriver\lib\promise.js:2974:25)
                    at C:\Users\ddminh\AppData\Roaming\npm\node_modules\protractor\node_modules\selenium-webdriver\lib\promise.js:668:7
                    at &lt;anonymous>
                    at process._tickCallback (internal/process/next_tick.js:188:7)
                From: Task: Run beforeEach in control flow
                    at UserContext.&lt;anonymous> (C:\Users\ddminh\AppData\Roaming\npm\node_modules\protractor\node_modules\jasminewd2\index.js:94:19)
                    at attempt (C:\Users\ddminh\AppData\Roaming\npm\node_modules\protractor\node_modules\jasmine-core\lib\jasmine-core\jasmine.js:4297:26)
                    at QueueRunner.run (C:\Users\ddminh\AppData\Roaming\npm\node_modules\protractor\node_modules\jasmine-core\lib\jasmine-core\jasmine.js:4217:20)
                    at QueueRunner.execute (C:\Users\ddminh\AppData\Roaming\npm\node_modules\protractor\node_modules\jasmine-core\lib\jasmine-core\jasmine.js:4199:10)
                    at Spec.queueRunnerFactory (C:\Users\ddminh\AppData\Roaming\npm\node_modules\protractor\node_modules\jasmine-core\lib\jasmine-core\jasmine.js:909:35)
                    at Spec.execute (C:\Users\ddminh\AppData\Roaming\npm\node_modules\protractor\node_modules\jasmine-core\lib\jasmine-core\jasmine.js:526:10)
                    at UserContext.fn (C:\Users\ddminh\AppData\Roaming\npm\node_modules\protractor\node_modules\jasmine-core\lib\jasmine-core\jasmine.js:5340:37)
                    at attempt (C:\Users\ddminh\AppData\Roaming\npm\node_modules\protractor\node_modules\jasmine-core\lib\jasmine-core\jasmine.js:4297:26)
                    at QueueRunner.run (C:\Users\ddminh\AppData\Roaming\npm\node_modules\protractor\node_modules\jasmine-core\lib\jasmine-core\jasmine.js:4217:20)
                    at runNext (C:\Users\ddminh\AppData\Roaming\npm\node_modules\protractor\node_modules\jasmine-core\lib\jasmine-core\jasmine.js:4257:20)
                    at C:\Users\ddminh\AppData\Roaming\npm\node_modules\protractor\node_modules\jasmine-core\lib\jasmine-core\jasmine.js:4264:13
                    at C:\Users\ddminh\AppData\Roaming\npm\node_modules\protractor\node_modules\jasmine-core\lib\jasmine-core\jasmine.js:4172:9
                    at QueueRunner.complete [as onComplete] (C:\Users\ddminh\AppData\Roaming\npm\node_modules\protractor\node_modules\jasmine-core\lib\jasmine-core\jasmine.js:533:9)
                    at Immediate._onImmediate (C:\Users\ddminh\AppData\Roaming\npm\node_modules\protractor\node_modules\jasmine-core\lib\jasmine-core\jasmine.js:4231:12)
                    at runCallback (timers.js:810:20)
                    at tryOnImmediate (timers.js:768:5)
                From asynchronous test: 
                Error
                    at Suite.&lt;anonymous> (D:\Practice-protractor\CalculatorTest.js:6:5)
                    at addSpecsToSuite (C:\Users\ddminh\AppData\Roaming\npm\node_modules\protractor\node_modules\jasmine-core\lib\jasmine-core\jasmine.js:1107:25)
                    at Env.describe (C:\Users\ddminh\AppData\Roaming\npm\node_modules\protractor\node_modules\jasmine-core\lib\jasmine-core\jasmine.js:1074:7)
                    at describe (C:\Users\ddminh\AppData\Roaming\npm\node_modules\protractor\node_modules\jasmine-core\lib\jasmine-core\jasmine.js:4399:18)
                    at Object.&lt;anonymous> (D:\Practice-protractor\CalculatorTest.js:1:63)
                    at Module._compile (module.js:652:30)
                    at Object.Module._extensions..js (module.js:663:10)
                    at Module.load (module.js:565:32)
                    at tryModuleLoad (module.js:505:12)
                    at Function.Module._load (module.js:497:3)
                    at Module.require (module.js:596:17)
                    at require (internal/module.js:11:18)
                    at C:\Users\ddminh\AppData\Roaming\npm\node_modules\protractor\node_modules\jasmine\lib\jasmine.js:93:5
                    at Array.forEach (&lt;anonymous>)
                    at Jasmine.loadSpecs (C:\Users\ddminh\AppData\Roaming\npm\node_modules\protractor\node_modules\jasmine\lib\jasmine.js:92:18)</stack-trace>
            </failure>
        </test-case>
    </test-cases>
</ns2:test-suite>